<?xml version="1.0" encoding="UTF-8"?>
<testng-results skipped="0" failed="0" total="4" passed="4">
  <reporter-output>
  </reporter-output>
  <suite name="Suite" duration-ms="62" started-at="2019-04-14T04:32:52Z" finished-at="2019-04-14T04:32:52Z">
    <groups>
    </groups>
    <test name="Test" duration-ms="62" started-at="2019-04-14T04:32:52Z" finished-at="2019-04-14T04:32:52Z">
      <class name="com.App.PQR">
        <test-method status="PASS" signature="P1()[pri:0, instance:com.App.PQR@1c53fd30]" name="P1" duration-ms="15" started-at="2019-04-14T10:02:52Z" finished-at="2019-04-14T10:02:52Z">
          <reporter-output>
          </reporter-output>
        </test-method> <!-- P1 -->
        <test-method status="PASS" signature="P2()[pri:0, instance:com.App.PQR@1c53fd30]" name="P2" duration-ms="0" started-at="2019-04-14T10:02:52Z" finished-at="2019-04-14T10:02:52Z">
          <reporter-output>
          </reporter-output>
        </test-method> <!-- P2 -->
      </class> <!-- com.App.PQR -->
      <class name="com.App.ABC">
        <test-method status="PASS" signature="T1()[pri:0, instance:com.App.ABC@71e7a66b]" name="T1" duration-ms="15" started-at="2019-04-14T10:02:52Z" finished-at="2019-04-14T10:02:52Z">
          <reporter-output>
          </reporter-output>
        </test-method> <!-- T1 -->
        <test-method status="PASS" signature="T2()[pri:0, instance:com.App.ABC@71e7a66b]" name="T2" duration-ms="0" started-at="2019-04-14T10:02:52Z" finished-at="2019-04-14T10:02:52Z">
          <reporter-output>
          </reporter-output>
        </test-method> <!-- T2 -->
      </class> <!-- com.App.ABC -->
    </test> <!-- Test -->
  </suite> <!-- Suite -->
</testng-results>
